<?xml version="1.0" encoding="UTF-8"?>
<testng-results ignored="2" total="5" passed="3" failed="0" skipped="0">
  <reporter-output>
  </reporter-output>
  <suite started-at="2024-02-08T15:49:29 IST" name="Suite" finished-at="2024-02-08T15:52:28 IST" duration-ms="179925">
    <groups>
    </groups>
    <test started-at="2024-02-08T15:49:29 IST" name="Test" finished-at="2024-02-08T15:52:28 IST" duration-ms="179925">
      <class name="testCases.VerifyUserDetails">
        <test-method is-config="true" signature="setup(java.lang.String)[pri:0, instance:testCases.VerifyUserDetails@32eff876]" started-at="2024-02-08T15:49:29 IST" name="setup" finished-at="2024-02-08T15:49:42 IST" duration-ms="13027" status="PASS">
          <params>
            <param index="0">
              <value>
                <![CDATA[Chrome]]>
              </value>
            </param>
          </params>
          <reporter-output>
          </reporter-output>
        </test-method> <!-- setup -->
        <test-method signature="Capture()[pri:1, instance:testCases.VerifyUserDetails@32eff876]" started-at="2024-02-08T15:49:42 IST" name="Capture" finished-at="2024-02-08T15:49:53 IST" duration-ms="10876" status="PASS">
          <reporter-output>
          </reporter-output>
        </test-method> <!-- Capture -->
        <test-method is-config="true" signature="teardown()[pri:0, instance:testCases.VerifyUserDetails@32eff876]" started-at="2024-02-08T15:52:28 IST" name="teardown" finished-at="2024-02-08T15:52:28 IST" duration-ms="1" status="PASS">
          <reporter-output>
          </reporter-output>
        </test-method> <!-- teardown -->
      </class> <!-- testCases.VerifyUserDetails -->
      <class name="testCases.VerifyAllNews">
        <test-method signature="test()[pri:0, instance:testCases.VerifyAllNews@7c729a55]" started-at="2024-02-08T15:49:53 IST" name="test" finished-at="2024-02-08T15:50:45 IST" duration-ms="51895" status="PASS">
          <reporter-output>
          </reporter-output>
        </test-method> <!-- test -->
        <test-method signature="test2()[pri:0, instance:testCases.VerifyAllNews@7c729a55]" started-at="2024-02-08T15:50:45 IST" name="test2" finished-at="2024-02-08T15:52:28 IST" duration-ms="103442" status="PASS">
          <reporter-output>
          </reporter-output>
        </test-method> <!-- test2 -->
      </class> <!-- testCases.VerifyAllNews -->
    </test> <!-- Test -->
  </suite> <!-- Suite -->
</testng-results>
