<?xml version="1.0" encoding="UTF-8"?>
<!-- Generated by org.testng.reporters.JUnitXMLReporter -->
<testsuite ignored="8" hostname="LTIN202390" failures="0" tests="4" name="Chrometest" time="31.15" errors="0" timestamp="2024-02-13T15:12:34 IST">
  <testcase classname="testCases.VerifyUserDetails" name="clickProfile" time="2.522"/>
  <testcase classname="testCases.VerifyAroundCognizant" name="verifyAroundCognizantPresent" time="0.145"/>
  <testcase classname="testCases.VerifyAroundCognizant" name="verifyNewsDisplayed" time="3.886"/>
  <testcase classname="testCases.VerifyAllNews" name="verifySeeAllLink" time="5.843"/>
  <testcase classname="testBase.BaseClass" name="@AfterTest teardown" time="0.0">
    <ignored/>
  </testcase> <!-- @AfterTest teardown -->
  <testcase classname="testBase.BaseClass" name="@AfterTest teardown" time="0.0">
    <ignored/>
  </testcase> <!-- @AfterTest teardown -->
  <testcase classname="testCases.VerifyAroundCognizant" name="verifyTooltipAndHeader" time="0.0">
    <ignored/>
  </testcase> <!-- verifyTooltipAndHeader -->
  <testcase classname="testCases.VerifyUserDetails" name="verifyDetails" time="0.0">
    <ignored/>
  </testcase> <!-- verifyDetails -->
  <testcase classname="testCases.VerifyAllNews" name="verifyNewsHeaders" time="0.0">
    <ignored/>
  </testcase> <!-- verifyNewsHeaders -->
  <testcase classname="testCases.VerifyAllNews" name="verifyEachNews" time="0.0">
    <ignored/>
  </testcase> <!-- verifyEachNews -->
  <testcase classname="testBase.BaseClass" name="@BeforeTest setup" time="0.0">
    <ignored/>
  </testcase> <!-- @BeforeTest setup -->
  <testcase classname="testBase.BaseClass" name="@BeforeTest setup" time="0.0">
    <ignored/>
  </testcase> <!-- @BeforeTest setup -->
</testsuite> <!-- Chrometest -->
