<?xml version="1.0" encoding="UTF-8"?>
<!-- Generated by org.testng.reporters.JUnitXMLReporter -->
<testsuite ignored="4" hostname="LTIN202390" failures="0" tests="13" name="Test" time="168.877" errors="0" timestamp="2024-02-12T23:01:20 IST">
  <testcase classname="testCases.VerifyUserDetails" name="clickProfile" time="2.584"/>
  <testcase classname="testCases.VerifyUserDetails" name="verifyDetails" time="1.266"/>
  <testcase classname="testCases.VerifyAroundCognizant" name="scroll" time="0.005"/>
  <testcase classname="testCases.VerifyAroundCognizant" name="verifyAroundCognizantPresent" time="0.763"/>
  <testcase classname="testCases.VerifyAroundCognizant" name="verifyNewsDisplayed" time="0.51"/>
  <testcase classname="testCases.VerifyAroundCognizant" name="verifyTooltipAndHeader" time="2.097"/>
  <testcase classname="testCases.VerifyAllNews" name="verifySeeAllLink" time="3.444"/>
  <testcase classname="testCases.VerifyAllNews" name="verifyNewsHeaders" time="3.637"/>
  <testcase classname="testCases.VerifyAllNews" name="verifyNewsHeaders" time="0.286"/>
  <testcase classname="testCases.VerifyAllNews" name="verifyNewsHeaders" time="0.263"/>
  <testcase classname="testCases.VerifyAllNews" name="verifyNewsHeaders" time="0.286"/>
  <testcase classname="testCases.VerifyAllNews" name="verifyNewsHeaders" time="0.285"/>
  <testcase classname="testCases.VerifyAllNews" name="verifyEachNews" time="104.745"/>
  <testcase classname="testBase.BaseClass" name="@AfterTest teardown" time="0.0">
    <ignored/>
  </testcase> <!-- @AfterTest teardown -->
  <testcase classname="testBase.BaseClass" name="@AfterTest teardown" time="0.0">
    <ignored/>
  </testcase> <!-- @AfterTest teardown -->
  <testcase classname="testBase.BaseClass" name="@BeforeTest setup" time="0.0">
    <ignored/>
  </testcase> <!-- @BeforeTest setup -->
  <testcase classname="testBase.BaseClass" name="@BeforeTest setup" time="0.0">
    <ignored/>
  </testcase> <!-- @BeforeTest setup -->
</testsuite> <!-- Test -->
