<?xml version="1.0" encoding="UTF-8"?>
<!-- Generated by org.testng.reporters.JUnitXMLReporter -->
<testsuite ignored="2" hostname="LTIN202390" failures="0" tests="3" name="Test" time="179.925" errors="0" timestamp="2024-02-08T15:52:28 IST">
  <testcase classname="testCases.VerifyUserDetails" name="Capture" time="10.876"/>
  <testcase classname="testCases.VerifyAllNews" name="test" time="51.895"/>
  <testcase classname="testCases.VerifyAllNews" name="test2" time="103.442"/>
  <testcase classname="testBase.BaseClass" name="@AfterTest teardown" time="0.0">
    <ignored/>
  </testcase> <!-- @AfterTest teardown -->
  <testcase classname="testBase.BaseClass" name="@BeforeTest setup" time="0.0">
    <ignored/>
  </testcase> <!-- @BeforeTest setup -->
</testsuite> <!-- Test -->
